<?xml version="1.0" encoding="UTF-8"?>
<!-- Generated by org.testng.reporters.JUnitReportReporter -->
<testsuite hostname="DESKTOP-UCD2CKU" failures="0" tests="8" name="MyTestCases" time="0.868" errors="0" timestamp="2024-10-26T13:53:43 EET" skipped="0">
  <testcase classname="MyTestCases" name="CheckEngLanguageIsDefault" time="0.036"/>
  <system-out/>
  <testcase classname="MyTestCases" name="CheckSARCurrencyIsDefault" time="0.035"/>
  <system-out/>
  <testcase classname="MyTestCases" name="CheckContactNumberIsCorrect" time="0.028"/>
  <system-out/>
  <testcase classname="MyTestCases" name="CheckQitafLogo" time="0.029"/>
  <system-out/>
  <testcase classname="MyTestCases" name="CheckHotelsNotSelected" time="0.029"/>
  <system-out/>
  <testcase classname="MyTestCases" name="CheckFlightDepartureDate" time="0.024"/>
  <system-out/>
  <testcase classname="MyTestCases" name="CheckFlightReturnDate" time="0.024"/>
  <system-out/>
  <testcase classname="MyTestCases" name="CheckLanguage" time="0.663"/>
  <system-out/>
</testsuite> <!-- MyTestCases -->
