<?xml version="1.0" encoding="UTF-8"?>
<!-- Generated by org.testng.reporters.JUnitReportReporter -->
<testsuite hostname="DESKTOP-UCD2CKU" failures="0" tests="9" name="MyTestCases" time="0.325" errors="0" timestamp="2024-11-14T09:56:34 EET" skipped="8">
  <testcase classname="MyTestCases" name="CheckEngLanguageIsDefault" time="0.325"/>
  <system-out/>
  <testcase classname="MyTestCases" name="CheckFlightDepartureDate">
    <skipped/>
  </testcase> <!-- CheckFlightDepartureDate -->
  <system-out/>
  <testcase classname="MyTestCases" name="CheckHotelsNotSelected">
    <skipped/>
  </testcase> <!-- CheckHotelsNotSelected -->
  <system-out/>
  <testcase classname="MyTestCases" name="CheckLanguage">
    <skipped/>
  </testcase> <!-- CheckLanguage -->
  <system-out/>
  <testcase classname="MyTestCases" name="CheckSortOption">
    <skipped/>
  </testcase> <!-- CheckSortOption -->
  <system-out/>
  <testcase classname="MyTestCases" name="CheckQitafLogo">
    <skipped/>
  </testcase> <!-- CheckQitafLogo -->
  <system-out/>
  <testcase classname="MyTestCases" name="CheckSARCurrencyIsDefault">
    <skipped/>
  </testcase> <!-- CheckSARCurrencyIsDefault -->
  <system-out/>
  <testcase classname="MyTestCases" name="CheckContactNumberIsCorrect">
    <skipped/>
  </testcase> <!-- CheckContactNumberIsCorrect -->
  <system-out/>
  <testcase classname="MyTestCases" name="CheckFlightReturnDate">
    <skipped/>
  </testcase> <!-- CheckFlightReturnDate -->
  <system-out/>
</testsuite> <!-- MyTestCases -->
