<?xml version="1.0" encoding="UTF-8"?>
<!-- Generated by org.testng.reporters.JUnitReportReporter -->
<testsuite hostname="DESKTOP-UCD2CKU" failures="0" tests="4" name="MyTestCases" time="0.103" errors="0" timestamp="2024-10-23T15:28:27 EET" skipped="0">
  <testcase classname="MyTestCases" name="CheckEngLanguageIsDefault" time="0.042"/>
  <system-out/>
  <testcase classname="MyTestCases" name="CheckSARCurrencyIsDefault" time="0.025"/>
  <system-out/>
  <testcase classname="MyTestCases" name="CheckContactNumberIsCorrect" time="0.018"/>
  <system-out/>
  <testcase classname="MyTestCases" name="CheckQitafLogo" time="0.018"/>
  <system-out/>
</testsuite> <!-- MyTestCases -->
