<?xml version="1.0" encoding="UTF-8"?>
<!-- Generated by org.testng.reporters.JUnitReportReporter -->
<testsuite hostname="DESKTOP-UCD2CKU" failures="0" tests="7" name="MyTestCases" time="0.188" errors="0" timestamp="2024-10-26T13:26:30 EET" skipped="0">
  <testcase classname="MyTestCases" name="CheckEngLanguageIsDefault" time="0.033"/>
  <system-out/>
  <testcase classname="MyTestCases" name="CheckSARCurrencyIsDefault" time="0.030"/>
  <system-out/>
  <testcase classname="MyTestCases" name="CheckContactNumberIsCorrect" time="0.031"/>
  <system-out/>
  <testcase classname="MyTestCases" name="CheckQitafLogo" time="0.032"/>
  <system-out/>
  <testcase classname="MyTestCases" name="CheckHotelsNotSelected" time="0.030"/>
  <system-out/>
  <testcase classname="MyTestCases" name="CheckFlightDepartureDate" time="0.016"/>
  <system-out/>
  <testcase classname="MyTestCases" name="CheckFlightReturnDate" time="0.016"/>
  <system-out/>
</testsuite> <!-- MyTestCases -->
